<<<<<<< HEAD
This is pdfTeX, Version 3.1415926-2.5-1.40.14 (TeX Live 2013) (format=pdflatex 2013.10.17)  1 APR 2014 14:10
=======
<<<<<<< HEAD
This is pdfTeX, Version 3.1415926-2.5-1.40.14 (TeX Live 2013) (format=pdflatex 2013.10.17)  1 APR 2014 13:55
=======
This is pdfTeX, Version 3.1415926-2.5-1.40.14 (TeX Live 2013) (format=pdflatex 2013.10.17)  1 APR 2014 13:46
>>>>>>> 34c326b07c96f69c0b091d32c7cd2bbc64a921f6
>>>>>>> 731a6e7752f5c23a712e12af1a69fd3e6d095c34
entering extended mode
 restricted \write18 enabled.
 %&-line parsing enabled.
**report.tex
(./report.tex
LaTeX2e <2011/06/27>
Babel <3.9g> and hyphenation patterns for 78 languages loaded.
(/usr/lib/texlive/texmf-dist/tex/latex/base/article.cls
Document Class: article 2007/10/19 v1.4h Standard LaTeX document class
(/usr/lib/texlive/texmf-dist/tex/latex/base/size10.clo
File: size10.clo 2007/10/19 v1.4h Standard LaTeX file (size option)
)
\c@part=\count79
\c@section=\count80
\c@subsection=\count81
\c@subsubsection=\count82
\c@paragraph=\count83
\c@subparagraph=\count84
\c@figure=\count85
\c@table=\count86
\abovecaptionskip=\skip41
\belowcaptionskip=\skip42
\bibindent=\dimen102
)
(/usr/lib/texlive/texmf-dist/tex/latex/base/inputenc.sty
Package: inputenc 2008/03/30 v1.1d Input encoding file
\inpenc@prehook=\toks14
\inpenc@posthook=\toks15

(/usr/lib/texlive/texmf-dist/tex/latex/base/latin1.def
File: latin1.def 2008/03/30 v1.1d Input encoding file
))
(/usr/lib/texlive/texmf-dist/tex/latex/amsmath/amsmath.sty
Package: amsmath 2013/01/14 v2.14 AMS math features
\@mathmargin=\skip43

For additional information on amsmath, use the `?' option.
(/usr/lib/texlive/texmf-dist/tex/latex/amsmath/amstext.sty
Package: amstext 2000/06/29 v2.01

(/usr/lib/texlive/texmf-dist/tex/latex/amsmath/amsgen.sty
File: amsgen.sty 1999/11/30 v2.0
\@emptytoks=\toks16
\ex@=\dimen103
))
(/usr/lib/texlive/texmf-dist/tex/latex/amsmath/amsbsy.sty
Package: amsbsy 1999/11/29 v1.2d
\pmbraise@=\dimen104
)
(/usr/lib/texlive/texmf-dist/tex/latex/amsmath/amsopn.sty
Package: amsopn 1999/12/14 v2.01 operator names
)
\inf@bad=\count87
LaTeX Info: Redefining \frac on input line 210.
\uproot@=\count88
\leftroot@=\count89
LaTeX Info: Redefining \overline on input line 306.
\classnum@=\count90
\DOTSCASE@=\count91
LaTeX Info: Redefining \ldots on input line 378.
LaTeX Info: Redefining \dots on input line 381.
LaTeX Info: Redefining \cdots on input line 466.
\Mathstrutbox@=\box26
\strutbox@=\box27
\big@size=\dimen105
LaTeX Font Info:    Redeclaring font encoding OML on input line 566.
LaTeX Font Info:    Redeclaring font encoding OMS on input line 567.
\macc@depth=\count92
\c@MaxMatrixCols=\count93
\dotsspace@=\muskip10
\c@parentequation=\count94
\dspbrk@lvl=\count95
\tag@help=\toks17
\row@=\count96
\column@=\count97
\maxfields@=\count98
\andhelp@=\toks18
\eqnshift@=\dimen106
\alignsep@=\dimen107
\tagshift@=\dimen108
\tagwidth@=\dimen109
\totwidth@=\dimen110
\lineht@=\dimen111
\@envbody=\toks19
\multlinegap=\skip44
\multlinetaggap=\skip45
\mathdisplay@stack=\toks20
LaTeX Info: Redefining \[ on input line 2665.
LaTeX Info: Redefining \] on input line 2666.
)
(/usr/lib/texlive/texmf-dist/tex/latex/amsfonts/amsfonts.sty
Package: amsfonts 2013/01/14 v3.01 Basic AMSFonts support
\symAMSa=\mathgroup4
\symAMSb=\mathgroup5
LaTeX Font Info:    Overwriting math alphabet `\mathfrak' in version `bold'
(Font)                  U/euf/m/n --> U/euf/b/n on input line 106.
)
(/usr/lib/texlive/texmf-dist/tex/latex/amsfonts/amssymb.sty
Package: amssymb 2013/01/14 v3.01 AMS font symbols
)
(/usr/lib/texlive/texmf-dist/tex/latex/graphics/graphicx.sty
Package: graphicx 1999/02/16 v1.0f Enhanced LaTeX Graphics (DPC,SPQR)

(/usr/lib/texlive/texmf-dist/tex/latex/graphics/keyval.sty
Package: keyval 1999/03/16 v1.13 key=value parser (DPC)
\KV@toks@=\toks21
)
(/usr/lib/texlive/texmf-dist/tex/latex/graphics/graphics.sty
Package: graphics 2009/02/05 v1.0o Standard LaTeX Graphics (DPC,SPQR)

(/usr/lib/texlive/texmf-dist/tex/latex/graphics/trig.sty
Package: trig 1999/03/16 v1.09 sin cos tan (DPC)
)
(/usr/lib/texlive/texmf-dist/tex/latex/latexconfig/graphics.cfg
File: graphics.cfg 2010/04/23 v1.9 graphics configuration of TeX Live
)
Package graphics Info: Driver file: pdftex.def on input line 91.

(/usr/lib/texlive/texmf-dist/tex/latex/pdftex-def/pdftex.def
File: pdftex.def 2011/05/27 v0.06d Graphics/color for pdfTeX

(/usr/lib/texlive/texmf-dist/tex/generic/oberdiek/infwarerr.sty
Package: infwarerr 2010/04/08 v1.3 Providing info/warning/error messages (HO)
)
(/usr/lib/texlive/texmf-dist/tex/generic/oberdiek/ltxcmds.sty
Package: ltxcmds 2011/11/09 v1.22 LaTeX kernel commands for general use (HO)
)
\Gread@gobject=\count99
))
\Gin@req@height=\dimen112
\Gin@req@width=\dimen113
)
(/usr/lib/texlive/texmf-dist/tex/latex/float/float.sty
Package: float 2001/11/08 v1.3d Float enhancements (AL)
\c@float@type=\count100
\float@exts=\toks22
\float@box=\box28
\@float@everytoks=\toks23
\@floatcapt=\box29
)
(/usr/lib/texlive/texmf-dist/tex/latex/caption/caption.sty
Package: caption 2013/05/02 v3.3-89 Customizing captions (AR)

(/usr/lib/texlive/texmf-dist/tex/latex/caption/caption3.sty
Package: caption3 2013/05/02 v1.6-88 caption3 kernel (AR)
Package caption3 Info: TeX engine: e-TeX on input line 57.
\captionmargin=\dimen114
\captionmargin@=\dimen115
\captionwidth=\dimen116
\caption@tempdima=\dimen117
\caption@indent=\dimen118
\caption@parindent=\dimen119
\caption@hangindent=\dimen120
)
\c@ContinuedFloat=\count101
Package caption Info: float package is loaded.
)
(/usr/lib/texlive/texmf-dist/tex/latex/caption/subcaption.sty
Package: subcaption 2013/02/03 v1.1-62 Sub-captions (AR)
\c@subfigure=\count102
\c@subtable=\count103
) (./report.aux)
\openout1 = `report.aux'.

LaTeX Font Info:    Checking defaults for OML/cmm/m/it on input line 12.
LaTeX Font Info:    ... okay on input line 12.
LaTeX Font Info:    Checking defaults for T1/cmr/m/n on input line 12.
LaTeX Font Info:    ... okay on input line 12.
LaTeX Font Info:    Checking defaults for OT1/cmr/m/n on input line 12.
LaTeX Font Info:    ... okay on input line 12.
LaTeX Font Info:    Checking defaults for OMS/cmsy/m/n on input line 12.
LaTeX Font Info:    ... okay on input line 12.
LaTeX Font Info:    Checking defaults for OMX/cmex/m/n on input line 12.
LaTeX Font Info:    ... okay on input line 12.
LaTeX Font Info:    Checking defaults for U/cmr/m/n on input line 12.
LaTeX Font Info:    ... okay on input line 12.

(/usr/lib/texlive/texmf-dist/tex/context/base/supp-pdf.mkii
[Loading MPS to PDF converter (version 2006.09.02).]
\scratchcounter=\count104
\scratchdimen=\dimen121
\scratchbox=\box30
\nofMPsegments=\count105
\nofMParguments=\count106
\everyMPshowfont=\toks24
\MPscratchCnt=\count107
\MPscratchDim=\dimen122
\MPnumerator=\count108
\makeMPintoPDFobject=\count109
\everyMPtoPDFconversion=\toks25
) (/usr/lib/texlive/texmf-dist/tex/generic/oberdiek/pdftexcmds.sty
Package: pdftexcmds 2011/11/29 v0.20 Utility functions of pdfTeX for LuaTeX (HO
)

(/usr/lib/texlive/texmf-dist/tex/generic/oberdiek/ifluatex.sty
Package: ifluatex 2010/03/01 v1.3 Provides the ifluatex switch (HO)
Package ifluatex Info: LuaTeX not detected.
)
(/usr/lib/texlive/texmf-dist/tex/generic/oberdiek/ifpdf.sty
Package: ifpdf 2011/01/30 v2.3 Provides the ifpdf switch (HO)
Package ifpdf Info: pdfTeX in PDF mode is detected.
)
Package pdftexcmds Info: LuaTeX not detected.
Package pdftexcmds Info: \pdf@primitive is available.
Package pdftexcmds Info: \pdf@ifprimitive is available.
Package pdftexcmds Info: \pdfdraftmode found.
)
(/usr/lib/texlive/texmf-dist/tex/latex/oberdiek/epstopdf-base.sty
Package: epstopdf-base 2010/02/09 v2.5 Base part for package epstopdf

(/usr/lib/texlive/texmf-dist/tex/latex/oberdiek/grfext.sty
Package: grfext 2010/08/19 v1.1 Manage graphics extensions (HO)

(/usr/lib/texlive/texmf-dist/tex/generic/oberdiek/kvdefinekeys.sty
Package: kvdefinekeys 2011/04/07 v1.3 Define keys (HO)
))
(/usr/lib/texlive/texmf-dist/tex/latex/oberdiek/kvoptions.sty
Package: kvoptions 2011/06/30 v3.11 Key value format for package options (HO)

(/usr/lib/texlive/texmf-dist/tex/generic/oberdiek/kvsetkeys.sty
Package: kvsetkeys 2012/04/25 v1.16 Key value parser (HO)

(/usr/lib/texlive/texmf-dist/tex/generic/oberdiek/etexcmds.sty
Package: etexcmds 2011/02/16 v1.5 Avoid name clashes with e-TeX commands (HO)
Package etexcmds Info: Could not find \expanded.
(etexcmds)             That can mean that you are not using pdfTeX 1.50 or
(etexcmds)             that some package has redefined \expanded.
(etexcmds)             In the latter case, load this package earlier.
)))
Package grfext Info: Graphics extension search list:
(grfext)             [.png,.pdf,.jpg,.mps,.jpeg,.jbig2,.jb2,.PNG,.PDF,.JPG,.JPE
G,.JBIG2,.JB2,.eps]
(grfext)             \AppendGraphicsExtensions on input line 452.

(/usr/lib/texlive/texmf-dist/tex/latex/latexconfig/epstopdf-sys.cfg
File: epstopdf-sys.cfg 2010/07/13 v1.3 Configuration of (r)epstopdf for TeX Liv
e
))
Package caption Info: Begin \AtBeginDocument code.
Package caption Info: End \AtBeginDocument code.
LaTeX Font Info:    Try loading font information for U+msa on input line 16.

(/usr/lib/texlive/texmf-dist/tex/latex/amsfonts/umsa.fd
File: umsa.fd 2013/01/14 v3.01 AMS symbols A
)
LaTeX Font Info:    Try loading font information for U+msb on input line 16.

(/usr/lib/texlive/texmf-dist/tex/latex/amsfonts/umsb.fd
File: umsb.fd 2013/01/14 v3.01 AMS symbols B
) (./introduction.tex)
(./numerical.tex [1

<<<<<<< HEAD
{/usr/lib/texlive/texmf-var/fonts/map/pdftex/updmap/pdftex.map}]) (./stability.
tex
Overfull \hbox (37.71664pt too wide) in paragraph at lines 27--27
[] 
 []

[2]
Overfull \hbox (6.30435pt too wide) in paragraph at lines 81--81
=======
{/usr/lib/texlive/texmf-var/fonts/map/pdftex/updmap/pdftex.map}] <PDFs/IMEX/KS_
plot_surface.pdf, id=14, 449.68pt x 337.26pt>
File: PDFs/IMEX/KS_plot_surface.pdf Graphic file (type pdf)

<use PDFs/IMEX/KS_plot_surface.pdf>
Package pdftex.def Info: PDFs/IMEX/KS_plot_surface.pdf used on input line 29.
(pdftex.def)             Requested size: 314.77385pt x 236.08038pt.

<PDFs/IMEX/KS_plot_contour.pdf, id=15, 449.68pt x 337.26pt>
File: PDFs/IMEX/KS_plot_contour.pdf Graphic file (type pdf)

<use PDFs/IMEX/KS_plot_contour.pdf>
Package pdftex.def Info: PDFs/IMEX/KS_plot_contour.pdf used on input line 39.
(pdftex.def)             Requested size: 247.32475pt x 185.49356pt.
 [2 <./PDFs/IMEX/KS_plot_surface.pdf>]
<PDFs/IMEX/error_num_ref_t100_3rd.pdf, id=40, 449.68pt x 337.26pt>
File: PDFs/IMEX/error_num_ref_t100_3rd.pdf Graphic file (type pdf)

<use PDFs/IMEX/error_num_ref_t100_3rd.pdf>
Package pdftex.def Info: PDFs/IMEX/error_num_ref_t100_3rd.pdf used on input lin
e 51.
(pdftex.def)             Requested size: 179.40147pt x 134.55167pt.

<PDFs/IMEX/error_num_ref_t100_1st.pdf, id=41, 449.68pt x 337.26pt>
File: PDFs/IMEX/error_num_ref_t100_1st.pdf Graphic file (type pdf)

<use PDFs/IMEX/error_num_ref_t100_1st.pdf>
Package pdftex.def Info: PDFs/IMEX/error_num_ref_t100_1st.pdf used on input lin
e 58.
(pdftex.def)             Requested size: 179.40147pt x 134.55167pt.

Overfull \hbox (18.24738pt too wide) in paragraph at lines 50--62
 [][]  [] 
 []

[3 <./PDFs/IMEX/KS_plot_contour.pdf> <./PDFs/IMEX/error_num_ref_t100_3rd.pdf> <
./PDFs/IMEX/error_num_ref_t100_1st.pdf>]
<PDFs/IMEX/comp_num_ref_t100.pdf, id=101, 449.68pt x 337.26pt>
File: PDFs/IMEX/comp_num_ref_t100.pdf Graphic file (type pdf)

<use PDFs/IMEX/comp_num_ref_t100.pdf>
Package pdftex.def Info: PDFs/IMEX/comp_num_ref_t100.pdf used on input line 70.

(pdftex.def)             Requested size: 247.32475pt x 185.49356pt.
) (./stability.tex
Overfull \hbox (37.71664pt too wide) in paragraph at lines 23--23
[] 
 []

[4 <./PDFs/IMEX/comp_num_ref_t100.pdf>]
Overfull \hbox (92.06758pt too wide) in paragraph at lines 82--82
>>>>>>> 34c326b07c96f69c0b091d32c7cd2bbc64a921f6
[] 
 []

[3])
Underfull \hbox (badness 10000) in paragraph at lines 43--46
[]\OT1/cmr/m/n/10 Scott Arthur Gas-ner, Fall 2004, \OT1/cmr/m/it/10 In-te-grat-
ing the Kuramoto-
 []

<<<<<<< HEAD

Underfull \hbox (badness 10000) in paragraph at lines 43--46
\OT1/cmr/m/it/10 Sivashinsky equa-tion: A sim-u-la-tion of the hop-ping state
 []


Overfull \hbox (43.6981pt too wide) in paragraph at lines 43--46
\OT1/cmr/m/n/10 http://terminus.sdsu.edu/thesis[]repository/ScottGasner[]2004[]
=======
[5]
Overfull \hbox (66.69261pt too wide) in paragraph at lines 97--97
[] 
 []


Overfull \hbox (112.03305pt too wide) in paragraph at lines 111--111
[] 
 []

)
Underfull \hbox (badness 2418) in paragraph at lines 46--49
\OT1/cmr/m/it/12 Sivashinsky equa-tion: A sim-u-la-tion of the hop-ping state
 []


Overfull \hbox (110.70169pt too wide) in paragraph at lines 46--49
\OT1/cmr/m/n/12 http://terminus.sdsu.edu/thesis[]repository/ScottGasner[]2004[]
>>>>>>> 34c326b07c96f69c0b091d32c7cd2bbc64a921f6
Fall[]MS[]Comp[]Sci.pdf,
 []


<<<<<<< HEAD
Underfull \hbox (badness 10000) in paragraph at lines 48--51
[]\OT1/cmr/m/n/10 Mehrdad Lakestani and Mehdi De-hghan, Febru-
 []


Underfull \hbox (badness 10000) in paragraph at lines 48--51
\OT1/cmr/m/n/10 ary 2012, \OT1/cmr/m/it/10 Nu-mer-i-cal so-lu-tions of the gen-
=======
Underfull \hbox (badness 10000) in paragraph at lines 51--54
[]\OT1/cmr/m/n/12 Mehrdad Lakestani and Mehdi De-hghan, Febru-
 []


Underfull \hbox (badness 10000) in paragraph at lines 51--54
\OT1/cmr/m/n/12 ary 2012, \OT1/cmr/m/it/12 Nu-mer-i-cal so-lu-tions of the gen-
>>>>>>> 34c326b07c96f69c0b091d32c7cd2bbc64a921f6
er-al-ized
 []


<<<<<<< HEAD
Underfull \hbox (badness 10000) in paragraph at lines 48--51
\OT1/cmr/m/it/10 Kuramoto-Sivashinsky equa-tion us-ing B-spline func-tions\OT1/
cmr/m/n/10 ,
 []


Underfull \hbox (badness 10000) in paragraph at lines 48--51
\OT1/cmr/m/n/10 http://www.sciencedirect.com/science/article/pii/S0307904X11004
082,
 []


Underfull \hbox (badness 10000) in paragraph at lines 53--57
[]\OT1/cmr/m/n/10 Marjan Ud-din and Sar-dar Ali, Jan-uary 2013, \OT1/cmr/m/it/1
0 RBF-
 []


Underfull \hbox (badness 10000) in paragraph at lines 53--57
\OT1/cmr/m/it/10 PS method and Fourier Pseu-dospec-tral method for
 []


Underfull \hbox (badness 10000) in paragraph at lines 53--57
\OT1/cmr/m/it/10 solv-ing stiff non-lin-ear par-tial dif-fer-en-tial equa-tions
\OT1/cmr/m/n/10 ,
 []


Underfull \hbox (badness 10000) in paragraph at lines 53--57
\OT1/cmr/m/n/10 http://www.naturalspublishing.com/files/published/ed38fj6n3xt18
=======
Underfull \hbox (badness 10000) in paragraph at lines 51--54
\OT1/cmr/m/it/12 Kuramoto-Sivashinsky equa-tion us-ing B-spline func-tions\OT1/
cmr/m/n/12 ,
 []


Overfull \hbox (37.42802pt too wide) in paragraph at lines 51--54
\OT1/cmr/m/n/12 http://www.sciencedirect.com/science/article/pii/S0307904X11004
082,
 []

[6]
Underfull \hbox (badness 7925) in paragraph at lines 56--60
[]\OT1/cmr/m/n/12 Marjan Ud-din and Sar-dar Ali, Jan-uary 2013, \OT1/cmr/m/it/1
2 RBF-
 []


Underfull \hbox (badness 10000) in paragraph at lines 56--60
\OT1/cmr/m/it/12 PS method and Fourier Pseu-dospec-tral method for
 []


Underfull \hbox (badness 10000) in paragraph at lines 56--60
\OT1/cmr/m/it/12 solv-ing stiff non-lin-ear par-tial dif-fer-en-tial equa-tions
\OT1/cmr/m/n/12 ,
 []


Overfull \hbox (44.09045pt too wide) in paragraph at lines 56--60
\OT1/cmr/m/n/12 http://www.naturalspublishing.com/files/published/ed38fj6n3xt18
>>>>>>> 34c326b07c96f69c0b091d32c7cd2bbc64a921f6
7.pdf,
 []


<<<<<<< HEAD
Underfull \hbox (badness 6625) in paragraph at lines 59--62
\OT1/cmr/m/it/10 chaotic so-lu-tions\OT1/cmr/m/n/10 , http://www.dtic.mil/dtic/
tr/fulltext/u2/a228590.pdf,
=======
Underfull \hbox (badness 10000) in paragraph at lines 62--65
[]\OT1/cmr/m/n/12 Andrew Sprat-ley, March 2010, \OT1/cmr/m/it/12 Kuramoto-
 []


Underfull \hbox (badness 10000) in paragraph at lines 62--65
\OT1/cmr/m/it/12 Sivashinsky equa-tion: A PDE with chaotic so-lu-tions\OT1/cmr/
m/n/12 ,
 []


Underfull \hbox (badness 10000) in paragraph at lines 62--65
\OT1/cmr/m/n/12 http://www.dtic.mil/dtic/tr/fulltext/u2/a228590.pdf, 03/31-
>>>>>>> 34c326b07c96f69c0b091d32c7cd2bbc64a921f6
 []

[7] (./report.aux) ) 
Here is how much of TeX's memory you used:
<<<<<<< HEAD
 2500 strings out of 493308
 32754 string characters out of 6140929
 101649 words of memory out of 5000000
 5912 multiletter control sequences out of 15000+600000
 12148 words of font info for 47 fonts, out of 8000000 for 9000
 957 hyphenation exceptions out of 8191
 37i,11n,24p,672b,199s stack positions out of 5000i,500n,10000p,200000b,80000s
</usr/lib/texlive/texmf-dist/fonts/type1/public/amsfont
s/cm/cmbx12.pfb></usr/lib/texlive/texmf-dist/fonts/type1/public/amsfonts/cm/cmb
x9.pfb></usr/lib/texlive/texmf-dist/fonts/type1/public/amsfonts/cm/cmex10.pfb><
/usr/lib/texlive/texmf-dist/fonts/type1/public/amsfonts/cm/cmmi10.pfb></usr/lib
/texlive/texmf-dist/fonts/type1/public/amsfonts/cm/cmmi5.pfb></usr/lib/texlive/
texmf-dist/fonts/type1/public/amsfonts/cm/cmmi7.pfb></usr/lib/texlive/texmf-dis
t/fonts/type1/public/amsfonts/cm/cmr10.pfb></usr/lib/texlive/texmf-dist/fonts/t
ype1/public/amsfonts/cm/cmr12.pfb></usr/lib/texlive/texmf-dist/fonts/type1/publ
ic/amsfonts/cm/cmr17.pfb></usr/lib/texlive/texmf-dist/fonts/type1/public/amsfon
ts/cm/cmr5.pfb></usr/lib/texlive/texmf-dist/fonts/type1/public/amsfonts/cm/cmr7
.pfb></usr/lib/texlive/texmf-dist/fonts/type1/public/amsfonts/cm/cmr9.pfb></usr
/lib/texlive/texmf-dist/fonts/type1/public/amsfonts/cm/cmsy10.pfb></usr/lib/tex
live/texmf-dist/fonts/type1/public/amsfonts/cm/cmsy7.pfb></usr/lib/texlive/texm
f-dist/fonts/type1/public/amsfonts/cm/cmti10.pfb>
Output written on report.pdf (5 pages, 175148 bytes).
PDF statistics:
 80 PDF objects out of 1000 (max. 8388607)
 57 compressed objects within 1 object stream
=======
 3632 strings out of 493308
 53511 string characters out of 6140929
 122129 words of memory out of 5000000
 7027 multiletter control sequences out of 15000+600000
 13395 words of font info for 52 fonts, out of 8000000 for 9000
 957 hyphenation exceptions out of 8191
 38i,11n,38p,672b,476s stack positions out of 5000i,500n,10000p,200000b,80000s
</usr/lib/texlive/texmf-dist/fonts/type1/public/amsfonts/cm
/cmbx12.pfb></usr/lib/texlive/texmf-dist/fonts/type1/public/amsfonts/cm/cmbx9.p
fb></usr/lib/texlive/texmf-dist/fonts/type1/public/amsfonts/cm/cmex10.pfb></usr
/lib/texlive/texmf-dist/fonts/type1/public/amsfonts/cm/cmmi10.pfb></usr/lib/tex
live/texmf-dist/fonts/type1/public/amsfonts/cm/cmmi12.pfb></usr/lib/texlive/tex
mf-dist/fonts/type1/public/amsfonts/cm/cmmi5.pfb></usr/lib/texlive/texmf-dist/f
onts/type1/public/amsfonts/cm/cmmi6.pfb></usr/lib/texlive/texmf-dist/fonts/type
1/public/amsfonts/cm/cmmi7.pfb></usr/lib/texlive/texmf-dist/fonts/type1/public/
amsfonts/cm/cmmi8.pfb></usr/lib/texlive/texmf-dist/fonts/type1/public/amsfonts/
cm/cmmi9.pfb></usr/lib/texlive/texmf-dist/fonts/type1/public/amsfonts/cm/cmr10.
pfb></usr/lib/texlive/texmf-dist/fonts/type1/public/amsfonts/cm/cmr12.pfb></usr
/lib/texlive/texmf-dist/fonts/type1/public/amsfonts/cm/cmr17.pfb></usr/lib/texl
ive/texmf-dist/fonts/type1/public/amsfonts/cm/cmr5.pfb></usr/lib/texlive/texmf-
dist/fonts/type1/public/amsfonts/cm/cmr7.pfb></usr/lib/texlive/texmf-dist/fonts
/type1/public/amsfonts/cm/cmr8.pfb></usr/lib/texlive/texmf-dist/fonts/type1/pub
lic/amsfonts/cm/cmr9.pfb></usr/lib/texlive/texmf-dist/fonts/type1/public/amsfon
ts/cm/cmsy10.pfb></usr/lib/texlive/texmf-dist/fonts/type1/public/amsfonts/cm/cm
sy7.pfb></usr/lib/texlive/texmf-dist/fonts/type1/public/amsfonts/cm/cmsy8.pfb><
/usr/lib/texlive/texmf-dist/fonts/type1/public/amsfonts/cm/cmti12.pfb></usr/lib
/texlive/texmf-dist/fonts/type1/public/amsfonts/symbols/msbm10.pfb>
Output written on report.pdf (7 pages, 1093487 bytes).
PDF statistics:
 197 PDF objects out of 1000 (max. 8388607)
 96 compressed objects within 1 object stream
>>>>>>> 34c326b07c96f69c0b091d32c7cd2bbc64a921f6
 0 named destinations out of 1000 (max. 500000)
 26 words of extra memory for PDF output out of 10000 (max. 10000000)

